1582743159.943063 client started (13112): version 2.9a, socket /tmp//tmux-1000/default, protocol 8
1582743159.943199 on Linux 5.3.0-29-generic #31-Ubuntu SMP Fri Jan 17 17:27:26 UTC 2020; libevent 2.1.8-stable (poll)
1582743159.943296 socket is /tmp//tmux-1000/default
1582743159.943368 trying connect
1582743159.943498 connect failed: No such file or directory
1582743159.943604 lock file is /tmp//tmux-1000/default.lock
1582743159.943962 flock succeeded
1582743159.944024 got lock (6)
1582743159.944087 trying connect
1582743159.944192 connect failed: No such file or directory
1582743159.944698 add peer 0x55a67da6ed00: 7 ((nil))
1582743159.945056 sending message 100 to peer 0x55a67da6ed00 (4 bytes)
1582743159.945129 sending message 101 to peer 0x55a67da6ed00 (15 bytes)
1582743159.945170 sending message 102 to peer 0x55a67da6ed00 (11 bytes)
1582743159.945209 sending message 108 to peer 0x55a67da6ed00 (73 bytes)
1582743159.945246 sending message 104 to peer 0x55a67da6ed00 (0 bytes)
1582743159.945298 sending message 107 to peer 0x55a67da6ed00 (4 bytes)
1582743159.945366 sending message 105 to peer 0x55a67da6ed00 (33 bytes)
1582743159.945404 sending message 105 to peer 0x55a67da6ed00 (41 bytes)
1582743159.945440 sending message 105 to peer 0x55a67da6ed00 (82 bytes)
1582743159.945478 sending message 105 to peer 0x55a67da6ed00 (86 bytes)
1582743159.945530 sending message 105 to peer 0x55a67da6ed00 (19 bytes)
1582743159.945568 sending message 105 to peer 0x55a67da6ed00 (33 bytes)
1582743159.945603 sending message 105 to peer 0x55a67da6ed00 (17 bytes)
1582743159.945663 sending message 105 to peer 0x55a67da6ed00 (23 bytes)
1582743159.945701 sending message 105 to peer 0x55a67da6ed00 (20 bytes)
1582743159.945736 sending message 105 to peer 0x55a67da6ed00 (18 bytes)
1582743159.945771 sending message 105 to peer 0x55a67da6ed00 (52 bytes)
1582743159.945807 sending message 105 to peer 0x55a67da6ed00 (23 bytes)
1582743159.945842 sending message 105 to peer 0x55a67da6ed00 (14 bytes)
1582743159.945881 sending message 105 to peer 0x55a67da6ed00 (23 bytes)
1582743159.945937 sending message 105 to peer 0x55a67da6ed00 (20 bytes)
1582743159.945977 sending message 105 to peer 0x55a67da6ed00 (24 bytes)
1582743159.946013 sending message 105 to peer 0x55a67da6ed00 (19 bytes)
1582743159.946048 sending message 105 to peer 0x55a67da6ed00 (54 bytes)
1582743159.946083 sending message 105 to peer 0x55a67da6ed00 (77 bytes)
1582743159.946119 sending message 105 to peer 0x55a67da6ed00 (85 bytes)
1582743159.946163 sending message 105 to peer 0x55a67da6ed00 (45 bytes)
1582743159.946223 sending message 105 to peer 0x55a67da6ed00 (13 bytes)
1582743159.946261 sending message 105 to peer 0x55a67da6ed00 (28 bytes)
1582743159.946297 sending message 105 to peer 0x55a67da6ed00 (23 bytes)
1582743159.946331 sending message 105 to peer 0x55a67da6ed00 (19 bytes)
1582743159.946366 sending message 105 to peer 0x55a67da6ed00 (44 bytes)
1582743159.946401 sending message 105 to peer 0x55a67da6ed00 (16 bytes)
1582743159.946438 sending message 105 to peer 0x55a67da6ed00 (23 bytes)
1582743159.946513 sending message 105 to peer 0x55a67da6ed00 (27 bytes)
1582743159.946553 sending message 105 to peer 0x55a67da6ed00 (17 bytes)
1582743159.946588 sending message 105 to peer 0x55a67da6ed00 (30 bytes)
1582743159.946622 sending message 105 to peer 0x55a67da6ed00 (17 bytes)
1582743159.946657 sending message 105 to peer 0x55a67da6ed00 (31 bytes)
1582743159.946691 sending message 105 to peer 0x55a67da6ed00 (20 bytes)
1582743159.946726 sending message 105 to peer 0x55a67da6ed00 (19 bytes)
1582743159.946761 sending message 105 to peer 0x55a67da6ed00 (21 bytes)
1582743159.946842 sending message 105 to peer 0x55a67da6ed00 (32 bytes)
1582743159.946882 sending message 105 to peer 0x55a67da6ed00 (18 bytes)
1582743159.946917 sending message 105 to peer 0x55a67da6ed00 (47 bytes)
1582743159.946952 sending message 105 to peer 0x55a67da6ed00 (8 bytes)
1582743159.946986 sending message 105 to peer 0x55a67da6ed00 (41 bytes)
1582743159.947021 sending message 105 to peer 0x55a67da6ed00 (16 bytes)
1582743159.947056 sending message 105 to peer 0x55a67da6ed00 (11 bytes)
1582743159.947113 sending message 105 to peer 0x55a67da6ed00 (20 bytes)
1582743159.947151 sending message 105 to peer 0x55a67da6ed00 (18 bytes)
1582743159.947186 sending message 105 to peer 0x55a67da6ed00 (18 bytes)
1582743159.947223 sending message 105 to peer 0x55a67da6ed00 (67 bytes)
1582743159.947259 sending message 105 to peer 0x55a67da6ed00 (30 bytes)
1582743159.947294 sending message 105 to peer 0x55a67da6ed00 (11 bytes)
1582743159.947330 sending message 105 to peer 0x55a67da6ed00 (8 bytes)
1582743159.947386 sending message 105 to peer 0x55a67da6ed00 (32 bytes)
1582743159.947424 sending message 105 to peer 0x55a67da6ed00 (1506 bytes)
1582743159.947464 sending message 105 to peer 0x55a67da6ed00 (130 bytes)
1582743159.947500 sending message 105 to peer 0x55a67da6ed00 (23 bytes)
1582743159.947535 sending message 105 to peer 0x55a67da6ed00 (29 bytes)
1582743159.947569 sending message 105 to peer 0x55a67da6ed00 (20 bytes)
1582743159.947604 sending message 105 to peer 0x55a67da6ed00 (8 bytes)
1582743159.947663 sending message 105 to peer 0x55a67da6ed00 (35 bytes)
1582743159.947701 sending message 105 to peer 0x55a67da6ed00 (65 bytes)
1582743159.947740 sending message 105 to peer 0x55a67da6ed00 (28 bytes)
1582743159.947775 sending message 106 to peer 0x55a67da6ed00 (0 bytes)
1582743159.947851 sending message 200 to peer 0x55a67da6ed00 (4 bytes)
1582743159.947890 client loop enter
1582743160.013538 peer 0x55a67da6ed00 message 207
1582743160.013566 sending message 208 to peer 0x55a67da6ed00 (0 bytes)
1582743165.091434 peer 0x55a67da6ed00 message 203
1582743165.091481 sending message 205 to peer 0x55a67da6ed00 (0 bytes)
1582743165.091919 peer 0x55a67da6ed00 message 204
1582743165.091949 client loop exit
